commit 24d9880ce3907d829bb7b489f6584a85b6968cea
Author: Ekasestao <ekaitzcampo2002@gmail.com>
Date:   Fri Mar 28 09:42:32 2025 +0100

    Fixing errors

commit 14fcb2817d64939991070e876abf509fab34192e
Author: Ekasestao <ekaitzcampo2002@gmail.com>
Date:   Tue Mar 25 09:47:31 2025 +0100

    Databases

commit 11796d9f2d2e8ed2429e0c6c06c878daaa2ce727
Author: Ekasestao <ekaitzcampo2002@gmail.com>
Date:   Mon Mar 24 14:20:12 2025 +0100

    Last push

commit e0f2e14296fa2d2ae5a77450eeef3133f32c8aa4
Author: Ekasestao <ekaitzcampo2002@gmail.com>
Date:   Mon Mar 24 14:18:04 2025 +0100

    Creating jar

commit 4d73421a9b3feb44a8d829dc9f090b4ac0d59118
Author: Ekasestao <ekaitzcampo2002@gmail.com>
Date:   Mon Mar 24 14:14:11 2025 +0100

    Adding logs

commit 0ca7b1eb9896b6620eabd3c28d369ba3ade4b92b
Author: Ekasestao <ekaitzcampo2002@gmail.com>
Date:   Mon Mar 24 14:02:00 2025 +0100

    Indenting

commit 3db83dcbdc2fafd9fa94a3d384b9811f9740fdcd
Author: Ekasestao <ekaitzcampo2002@gmail.com>
Date:   Mon Mar 24 09:43:35 2025 +0100

    Deleting tests folder

commit 2dded46b7f19e8d3ea8d67fe6d4431f69c291c6e
Author: Ekasestao <ekaitzcampo2002@gmail.com>
Date:   Mon Mar 24 09:42:22 2025 +0100

    Creating tests

commit 3eb0db2e39a14cfe2887ad75301f8f067b909633
Author: Ekaitz Campo <ekaitzcampo2002@gmail.com>
Date:   Fri Mar 21 18:59:10 2025 +0100

    Fixing modify date problems

commit 8c352bfba70e40ca58446fc2f67016905a3e05ea
Author: Ekaitz Campo <ekaitzcampo2002@gmail.com>
Date:   Fri Mar 21 18:50:12 2025 +0100

    Changing visual to view

commit 7be48a4bc78efc8e3e571ca05523c485daa23ce6
Author: Ekaitz Campo <ekaitzcampo2002@gmail.com>
Date:   Fri Mar 21 18:50:07 2025 +0100

    Changing visual to view

commit 030270ecfa92438fafc6f3e34d75f9da1afe0f3b
Author: Ekaitz Campo <ekaitzcampo2002@gmail.com>
Date:   Fri Mar 21 18:39:15 2025 +0100

    Adding calendar function

commit 8d05443e828d139ffa6c3f80b71ab5f6cdcb8f1a
Author: Ekaitz Campo <ekaitzcampo2002@gmail.com>
Date:   Fri Mar 21 17:58:19 2025 +0100

    Finally fixing showTasks

commit 9d2568fb6b504bff81e7d918a82dd7dd3e1bb1e0
Author: Ekaitz Campo <ekaitzcampo2002@gmail.com>
Date:   Fri Mar 21 17:44:26 2025 +0100

    Fixing windows

commit 513f85671d475ee4fe8b51df1530948783852392
Author: Ekasestao <ekaitzcampo2002@gmail.com>
Date:   Fri Mar 21 14:21:44 2025 +0100

    Changing modifyTask

commit 57d7919b96f334b52aaba968683dd4969b392db5
Author: Ekasestao <ekaitzcampo2002@gmail.com>
Date:   Fri Mar 21 14:12:25 2025 +0100

    Fixing categories

commit 59fd39f958f6653a666fd7b0b7f5dcfbda6b5425
Author: Ekasestao <ekaitzcampo2002@gmail.com>
Date:   Fri Mar 21 13:56:30 2025 +0100

    Fixing setTask

commit 6a48ee40a17a14fb45b1da6a37718131d1cc332c
Author: Ekasestao <ekaitzcampo2002@gmail.com>
Date:   Fri Mar 21 13:49:12 2025 +0100

    Modifying setTask

commit 97a62e2694069d947971333014261130eda9e81d
Author: Ekasestao <ekaitzcampo2002@gmail.com>
Date:   Fri Mar 21 13:06:31 2025 +0100

    Adding message

commit dc63d2aa3ca2b71b9ed0404e04cc4ba761209c9b
Author: Ekasestao <ekaitzcampo2002@gmail.com>
Date:   Fri Mar 21 12:36:44 2025 +0100

    Fixing deleteTask

commit bb10fe78d08d32d925da3ea49f550dcfb7291b06
Author: Ekasestao <ekaitzcampo2002@gmail.com>
Date:   Fri Mar 21 10:43:26 2025 +0100

    Changing view

commit c530cbdf2331f52f23e0888005cced349e1aaca9
Author: Ekasestao <ekaitzcampo2002@gmail.com>
Date:   Fri Mar 21 10:43:15 2025 +0100

    Implementing showTask

commit 26a6302c0aaa16e601dc1a64dd92c28ec893a9f3
Author: Ekasestao <ekaitzcampo2002@gmail.com>
Date:   Fri Mar 21 09:51:06 2025 +0100

    Implementing checkbox

commit 97c8517259dde1504bf089f55f14682a712bddf3
Author: Ekaitz Campo <ekaitzcampo2002@gmail.com>
Date:   Thu Mar 20 19:35:02 2025 +0100

    Modifying calendar

commit 6cee391aee69d380ccedc57ad8e71abe99338bc3
Author: Ekasestao <ekaitzcampo2002@gmail.com>
Date:   Thu Mar 20 12:37:23 2025 +0100

    Modifying windows

commit e4f8b8b969a6d75c3c959bb877cec682648f5ee7
Author: Ekasestao <ekaitzcampo2002@gmail.com>
Date:   Thu Mar 20 12:19:35 2025 +0100

    modify showTaks

commit 76aba2aaa79d610e5cd42f8acfd0ca0ff452b256
Author: Ekasestao <ekaitzcampo2002@gmail.com>
Date:   Thu Mar 20 10:55:27 2025 +0100

    Changing task

commit e7f14ac66c8da938592dbc1bd4fc55bf0ee9acf2
Author: Ekasestao <ekaitzcampo2002@gmail.com>
Date:   Thu Mar 20 10:42:53 2025 +0100

    Completing showTasks

commit 0c35bce1239cb333b195bc765fec2f7754bc603d
Author: Ekasestao <ekaitzcampo2002@gmail.com>
Date:   Thu Mar 20 09:41:54 2025 +0100

    Testing modals

commit 65c5b15a180706868a2b7bd5288caa330348272d
Author: Ekaitz Campo <ekaitzcampo2002@gmail.com>
Date:   Wed Mar 19 19:46:28 2025 +0100

    Adding calendar

commit d894f1378c5648f6f16da409f1ce90965e519ad6
Author: Ekasestao <ekaitzcampo2002@gmail.com>
Date:   Wed Mar 19 12:35:20 2025 +0100

    Creating stateTask

commit bd06f2815392fa4cfe4d1e8e0bbcfa516ab904b0
Author: Ekasestao <ekaitzcampo2002@gmail.com>
Date:   Wed Mar 19 12:19:20 2025 +0100

    Creating modifyTask

commit e200119ac5ce66126b6ca6fbfd14ddc1240fc91d
Author: Ekasestao <ekaitzcampo2002@gmail.com>
Date:   Wed Mar 19 12:08:38 2025 +0100

    Creating removeTask

commit e9567c06d757d2158394442dabf63882a9b5c0df
Author: Ekasestao <ekaitzcampo2002@gmail.com>
Date:   Wed Mar 19 11:59:54 2025 +0100

    Changing errors

commit a809e2abff6cac20dbae148ec2c4c13ccccab71c
Author: Ekasestao <ekaitzcampo2002@gmail.com>
Date:   Wed Mar 19 11:53:11 2025 +0100

    Creating setTask

commit 6dab8240e6905ceff1da0db525d6d7cdbead9d0d
Author: Ekasestao <ekaitzcampo2002@gmail.com>
Date:   Wed Mar 19 10:36:46 2025 +0100

    Calendar

commit 44b6d1bbb8ddbb14459cf2cb70e349de8abd5874
Author: Ekasestao <ekaitzcampo2002@gmail.com>
Date:   Wed Mar 19 10:35:12 2025 +0100

    Calendar

commit 839a410f4e8f298a04ac386efdda0c35fd61d3a5
Author: Ekasestao <ekaitzcampo2002@gmail.com>
Date:   Wed Mar 19 10:06:44 2025 +0100

    Fixing login

commit b8205a98c55268dcfc0133d30a84b8645ac7444d
Author: Ekasestao <ekaitzcampo2002@gmail.com>
Date:   Wed Mar 19 09:24:52 2025 +0100

    MySQL Connector

commit cd1594d406941a9c643730307e73b6620467b3d2
Author: Ekasestao <ekaitzcampo2002@gmail.com>
Date:   Tue Mar 18 10:27:51 2025 +0100

    Creating show task

commit 0b137ad5b108b7463740614de38f7e6238163f19
Author: Ekasestao <ekaitzcampo2002@gmail.com>
Date:   Tue Mar 18 10:00:40 2025 +0100

    Modifying model

commit 1ff0c7a557d400aba5efe00fc99f9531cf5827d9
Author: Ekasestao <ekaitzcampo2002@gmail.com>
Date:   Tue Mar 18 09:56:18 2025 +0100

    Model creation

commit 8d946f47f25593ce316292ae20cd4179df140b8f
Author: Ekasestao <ekaitzcampo2002@gmail.com>
Date:   Tue Mar 18 09:20:23 2025 +0100

    Deleting testing

commit bfc0a8bbd5cd9e7fd09875eb5159af7a0bcdf952
Author: Ekasestao <ekaitzcampo2002@gmail.com>
Date:   Tue Mar 18 09:13:46 2025 +0100

    Testing
