commit 24d9880ce3907d829bb7b489f6584a85b6968cea
Author: Ekasestao <ekaitzcampo2002@gmail.com>
Date:   Fri Mar 28 09:42:32 2025 +0100

    Fixing errors

commit 14fcb2817d64939991070e876abf509fab34192e
Author: Ekasestao <ekaitzcampo2002@gmail.com>
Date:   Tue Mar 25 09:47:31 2025 +0100

    Databases

commit c4dbd3d4fd6846cc0b444c7a8e75ad916c53b3ce
Author: alicia-2004 <aliciaclasegradosuperior@gmail.com>
Date:   Tue Mar 25 09:43:59 2025 +0100

    Last DB

commit 11796d9f2d2e8ed2429e0c6c06c878daaa2ce727
Author: Ekasestao <ekaitzcampo2002@gmail.com>
Date:   Mon Mar 24 14:20:12 2025 +0100

    Last push

commit e0f2e14296fa2d2ae5a77450eeef3133f32c8aa4
Author: Ekasestao <ekaitzcampo2002@gmail.com>
Date:   Mon Mar 24 14:18:04 2025 +0100

    Creating jar

commit 4d73421a9b3feb44a8d829dc9f090b4ac0d59118
Author: Ekasestao <ekaitzcampo2002@gmail.com>
Date:   Mon Mar 24 14:14:11 2025 +0100

    Adding logs

commit 0ca7b1eb9896b6620eabd3c28d369ba3ade4b92b
Author: Ekasestao <ekaitzcampo2002@gmail.com>
Date:   Mon Mar 24 14:02:00 2025 +0100

    Indenting

commit 324e8cfbb0839ae34c6a99d7715ce4434fac2eb0
Merge: 81e4c39 0dbe537
Author: 10-Tyger-17 <mosi.hickman2006@gmail.com>
Date:   Mon Mar 24 13:57:47 2025 +0100

    Merge branch 'mosi' into main

commit 0dbe537ebcca7b0f2c07f16914f64ad52bd9d83a
Author: 10-Tyger-17 <mosi.hickman2006@gmail.com>
Date:   Mon Mar 24 13:56:05 2025 +0100

    Fixing Errors and Tests

commit 81e4c3988389d44995ac16d0d846790679fcc5ce
Merge: 6b8f369 63e89c0
Author: 10-Tyger-17 <mosi.hickman2006@gmail.com>
Date:   Mon Mar 24 13:37:50 2025 +0100

    Merge branch 'mosi' into main

commit 63e89c06804205cc9a9c36b22d7cbee15976ee24
Author: 10-Tyger-17 <mosi.hickman2006@gmail.com>
Date:   Mon Mar 24 13:37:37 2025 +0100

    Adding Java Doc

commit 6b8f369ecf808755bc8e94635993343a091e297c
Merge: b11cfd2 40c4144
Author: 10-Tyger-17 <mosi.hickman2006@gmail.com>
Date:   Mon Mar 24 13:12:11 2025 +0100

    Merge branch 'mosi' into main

commit 40c4144a537197c232c10b47355ceae743ee48d2
Author: 10-Tyger-17 <mosi.hickman2006@gmail.com>
Date:   Mon Mar 24 13:11:51 2025 +0100

    Adding Java Doc To Implement DB

commit b11cfd208272f02ec5afe6f557b6dbdd5fee4d8d
Merge: 4aa2905 39855cd
Author: 10-Tyger-17 <mosi.hickman2006@gmail.com>
Date:   Mon Mar 24 13:00:54 2025 +0100

    Merge branch 'main' of https://github.com/10-Tyger-17/M.A.E.K.-Repo

commit 39855cd295c5e9428f9523b46a49ffd11f72a8b6
Author: alicia-2004 <aliciaclasegradosuperior@gmail.com>
Date:   Mon Mar 24 12:58:51 2025 +0100

    Database

commit 4aa2905521a61a2b76c381e4a2433c4a73ad62d9
Merge: 77f2b84 3db83dc
Author: 10-Tyger-17 <mosi.hickman2006@gmail.com>
Date:   Mon Mar 24 12:37:08 2025 +0100

    Merge branch 'main' of https://github.com/10-Tyger-17/M.A.E.K.-Repo

commit 3db83dcbdc2fafd9fa94a3d384b9811f9740fdcd
Author: Ekasestao <ekaitzcampo2002@gmail.com>
Date:   Mon Mar 24 09:43:35 2025 +0100

    Deleting tests folder

commit 77f2b84319ff8121029bcc94300f07e785e046bb
Merge: 02f391e 2dded46
Author: 10-Tyger-17 <mosi.hickman2006@gmail.com>
Date:   Mon Mar 24 09:42:32 2025 +0100

    Merge branch 'main' of https://github.com/10-Tyger-17/M.A.E.K.-Repo
    Pull

commit 2dded46b7f19e8d3ea8d67fe6d4431f69c291c6e
Author: Ekasestao <ekaitzcampo2002@gmail.com>
Date:   Mon Mar 24 09:42:22 2025 +0100

    Creating tests

commit 02f391e9dbbe416b5ced01ed4a0f88bdaca38e82
Author: 10-Tyger-17 <mosi.hickman2006@gmail.com>
Date:   Mon Mar 24 09:41:07 2025 +0100

    Fixing Signup Error

commit 8ddfc31c8b4aa957a37738e60c7d253c8ffb634e
Merge: 51b8bad ed910da
Author: alicia-2004 <aliciaclasegradosuperior@gmail.com>
Date:   Mon Mar 24 09:31:28 2025 +0100

    Merge branch 'main' of https://github.com/10-Tyger-17/M.A.E.K.-Repo
    merge

commit 51b8bad094c3bddcf5ca2a351a74fe587db7cc46
Author: alicia-2004 <aliciaclasegradosuperior@gmail.com>
Date:   Mon Mar 24 09:27:48 2025 +0100

    SQL for Mosi

commit ed910dab8ca2130d563021b52f54c5e8efe46900
Author: 10-Tyger-17 <mosi.hickman2006@gmail.com>
Date:   Mon Mar 24 08:47:32 2025 +0100

    Fixing error in signup

commit b0d84554d3472649703a7ef89c5dc9434da94972
Author: 10-Tyger-17 <mosi.hickman2006@gmail.com>
Date:   Mon Mar 24 08:37:11 2025 +0100

    Removing Config

commit dd67ee5157ab3e07896b06708fb7f76a31ef410b
Author: 10-Tyger-17 <mosi.hickman2006@gmail.com>
Date:   Mon Mar 24 08:32:54 2025 +0100

    Fixing Menu Window

commit 791d9cc44836bb799618ea5c6c936ddd4a3b9276
Author: kevvo23 <kssalamea@gmail.com>
Date:   Sun Mar 23 19:32:20 2025 +0100

    procedures and functions

commit 3eb0db2e39a14cfe2887ad75301f8f067b909633
Author: Ekaitz Campo <ekaitzcampo2002@gmail.com>
Date:   Fri Mar 21 18:59:10 2025 +0100

    Fixing modify date problems

commit 8c352bfba70e40ca58446fc2f67016905a3e05ea
Author: Ekaitz Campo <ekaitzcampo2002@gmail.com>
Date:   Fri Mar 21 18:50:12 2025 +0100

    Changing visual to view

commit 7be48a4bc78efc8e3e571ca05523c485daa23ce6
Author: Ekaitz Campo <ekaitzcampo2002@gmail.com>
Date:   Fri Mar 21 18:50:07 2025 +0100

    Changing visual to view

commit 030270ecfa92438fafc6f3e34d75f9da1afe0f3b
Author: Ekaitz Campo <ekaitzcampo2002@gmail.com>
Date:   Fri Mar 21 18:39:15 2025 +0100

    Adding calendar function

commit 8d05443e828d139ffa6c3f80b71ab5f6cdcb8f1a
Author: Ekaitz Campo <ekaitzcampo2002@gmail.com>
Date:   Fri Mar 21 17:58:19 2025 +0100

    Finally fixing showTasks

commit 9d2568fb6b504bff81e7d918a82dd7dd3e1bb1e0
Author: Ekaitz Campo <ekaitzcampo2002@gmail.com>
Date:   Fri Mar 21 17:44:26 2025 +0100

    Fixing windows

commit 513f85671d475ee4fe8b51df1530948783852392
Author: Ekasestao <ekaitzcampo2002@gmail.com>
Date:   Fri Mar 21 14:21:44 2025 +0100

    Changing modifyTask

commit 57d7919b96f334b52aaba968683dd4969b392db5
Author: Ekasestao <ekaitzcampo2002@gmail.com>
Date:   Fri Mar 21 14:12:25 2025 +0100

    Fixing categories

commit 59fd39f958f6653a666fd7b0b7f5dcfbda6b5425
Author: Ekasestao <ekaitzcampo2002@gmail.com>
Date:   Fri Mar 21 13:56:30 2025 +0100

    Fixing setTask

commit 6a48ee40a17a14fb45b1da6a37718131d1cc332c
Author: Ekasestao <ekaitzcampo2002@gmail.com>
Date:   Fri Mar 21 13:49:12 2025 +0100

    Modifying setTask

commit 97a62e2694069d947971333014261130eda9e81d
Author: Ekasestao <ekaitzcampo2002@gmail.com>
Date:   Fri Mar 21 13:06:31 2025 +0100

    Adding message

commit dc63d2aa3ca2b71b9ed0404e04cc4ba761209c9b
Author: Ekasestao <ekaitzcampo2002@gmail.com>
Date:   Fri Mar 21 12:36:44 2025 +0100

    Fixing deleteTask

commit 7a463590603c3b42c143c1dd28c1fabc3d1e127d
Author: alicia-2004 <aliciaclasegradosuperior@gmail.com>
Date:   Fri Mar 21 12:21:04 2025 +0100

    Delete

commit eb9a31c3986e2cb5a8a04b859f3477ab85567065
Author: alicia-2004 <aliciaclasegradosuperior@gmail.com>
Date:   Fri Mar 21 11:59:39 2025 +0100

    DeleteWindow in process

commit 3c5fd69afa1d07c7619d018b9b70521f042818ae
Author: alicia-2004 <aliciaclasegradosuperior@gmail.com>
Date:   Fri Mar 21 10:53:44 2025 +0100

    DeleteWindow and Menu

commit bb10fe78d08d32d925da3ea49f550dcfb7291b06
Author: Ekasestao <ekaitzcampo2002@gmail.com>
Date:   Fri Mar 21 10:43:26 2025 +0100

    Changing view

commit c530cbdf2331f52f23e0888005cced349e1aaca9
Author: Ekasestao <ekaitzcampo2002@gmail.com>
Date:   Fri Mar 21 10:43:15 2025 +0100

    Implementing showTask

commit 26a6302c0aaa16e601dc1a64dd92c28ec893a9f3
Author: Ekasestao <ekaitzcampo2002@gmail.com>
Date:   Fri Mar 21 09:51:06 2025 +0100

    Implementing checkbox

commit c0b300b08724d70aeb9ca4ecb07bb16403ef66be
Author: alicia-2004 <aliciaclasegradosuperior@gmail.com>
Date:   Fri Mar 21 09:39:53 2025 +0100

    DeleteWindow

commit 97c8517259dde1504bf089f55f14682a712bddf3
Author: Ekaitz Campo <ekaitzcampo2002@gmail.com>
Date:   Thu Mar 20 19:35:02 2025 +0100

    Modifying calendar

commit 6cee391aee69d380ccedc57ad8e71abe99338bc3
Author: Ekasestao <ekaitzcampo2002@gmail.com>
Date:   Thu Mar 20 12:37:23 2025 +0100

    Modifying windows

commit e4f8b8b969a6d75c3c959bb877cec682648f5ee7
Author: Ekasestao <ekaitzcampo2002@gmail.com>
Date:   Thu Mar 20 12:19:35 2025 +0100

    modify showTaks

commit 76aba2aaa79d610e5cd42f8acfd0ca0ff452b256
Author: Ekasestao <ekaitzcampo2002@gmail.com>
Date:   Thu Mar 20 10:55:27 2025 +0100

    Changing task

commit dd88270a8ae47ebd492c35544e01e146753c3fc9
Merge: f80eb33 886e0f6
Author: 10-Tyger-17 <mosi.hickman2006@gmail.com>
Date:   Thu Mar 20 10:54:14 2025 +0100

    Merge branch 'mosi' into main

commit 886e0f636624bd4f25fd43bd79e41a6559b0b529
Author: 10-Tyger-17 <mosi.hickman2006@gmail.com>
Date:   Thu Mar 20 10:53:31 2025 +0100

    Changing Database and Adding Modify Window

commit f80eb33d53c71aef01866b50c96484b81f61b15c
Author: alicia-2004 <aliciaclasegradosuperior@gmail.com>
Date:   Thu Mar 20 10:51:24 2025 +0100

    Attributes and ButtonGroup

commit e7f14ac66c8da938592dbc1bd4fc55bf0ee9acf2
Author: Ekasestao <ekaitzcampo2002@gmail.com>
Date:   Thu Mar 20 10:42:53 2025 +0100

    Completing showTasks

commit 7217dc3a72fd5723eb604e9bcf15fe5cf9a970c9
Author: alicia-2004 <aliciaclasegradosuperior@gmail.com>
Date:   Thu Mar 20 10:32:51 2025 +0100

    Add Task creation

commit 6cdb5aa1e1f9f62e56d90f4edecbda964274fc3d
Author: 10-Tyger-17 <mosi.hickman2006@gmail.com>
Date:   Thu Mar 20 09:56:58 2025 +0100

    Fixing And adding functionality to menu

commit 41bca068b5a6dd868ccf96e1b288ba59af0f0e07
Author: 10-Tyger-17 <mosi.hickman2006@gmail.com>
Date:   Thu Mar 20 09:50:24 2025 +0100

    Converting Menu To JFrame and Login To Dialog

commit 0c35bce1239cb333b195bc765fec2f7754bc603d
Author: Ekasestao <ekaitzcampo2002@gmail.com>
Date:   Thu Mar 20 09:41:54 2025 +0100

    Testing modals

commit c2d1693fbb12a4983d7fec5fe511b0bef338c9f5
Author: 10-Tyger-17 <mosi.hickman2006@gmail.com>
Date:   Thu Mar 20 09:24:59 2025 +0100

    Fixing Sign Up Window And Calender

commit 65c5b15a180706868a2b7bd5288caa330348272d
Author: Ekaitz Campo <ekaitzcampo2002@gmail.com>
Date:   Wed Mar 19 19:46:28 2025 +0100

    Adding calendar

commit dd7d54acf6ca3155c8c24a3d9210dddf32978e47
Merge: 6ba5017 d894f13
Author: alicia-2004 <aliciaclasegradosuperior@gmail.com>
Date:   Wed Mar 19 12:41:57 2025 +0100

    Merge branch 'main' of https://github.com/10-Tyger-17/M.A.E.K.-Repo
    Trying merge

commit 6ba501701cd35320ef4519209ec37913a91caf8d
Author: alicia-2004 <aliciaclasegradosuperior@gmail.com>
Date:   Wed Mar 19 12:40:54 2025 +0100

    Show tasks window

commit d894f1378c5648f6f16da409f1ce90965e519ad6
Author: Ekasestao <ekaitzcampo2002@gmail.com>
Date:   Wed Mar 19 12:35:20 2025 +0100

    Creating stateTask

commit df42ad099a29ee0996f88c380cf4cf0ee0cd70af
Author: 10-Tyger-17 <mosi.hickman2006@gmail.com>
Date:   Wed Mar 19 12:29:39 2025 +0100

    Fixing Sign Up Error

commit f015dd27c9a1848a39e237150757a23f1f843574
Merge: bd06f28 9ec23a0
Author: 10-Tyger-17 <mosi.hickman2006@gmail.com>
Date:   Wed Mar 19 12:19:40 2025 +0100

    Merge branch 'mosi' into main

commit bd06f2815392fa4cfe4d1e8e0bbcfa516ab904b0
Author: Ekasestao <ekaitzcampo2002@gmail.com>
Date:   Wed Mar 19 12:19:20 2025 +0100

    Creating modifyTask

commit 9ec23a07bb428b57b9d53065553bfde9a41eda91
Author: 10-Tyger-17 <mosi.hickman2006@gmail.com>
Date:   Wed Mar 19 12:18:48 2025 +0100

    Adding Functionality To Sign Up and Log In

commit e200119ac5ce66126b6ca6fbfd14ddc1240fc91d
Author: Ekasestao <ekaitzcampo2002@gmail.com>
Date:   Wed Mar 19 12:08:38 2025 +0100

    Creating removeTask

commit e9567c06d757d2158394442dabf63882a9b5c0df
Author: Ekasestao <ekaitzcampo2002@gmail.com>
Date:   Wed Mar 19 11:59:54 2025 +0100

    Changing errors

commit a809e2abff6cac20dbae148ec2c4c13ccccab71c
Author: Ekasestao <ekaitzcampo2002@gmail.com>
Date:   Wed Mar 19 11:53:11 2025 +0100

    Creating setTask

commit 9bd709040111cb6864f35be14ba921da28b12426
Merge: 6dab824 20a44d0
Author: 10-Tyger-17 <mosi.hickman2006@gmail.com>
Date:   Wed Mar 19 10:48:26 2025 +0100

    Merge branch 'mosi' into main

commit 20a44d0b047247404b8f472cd407fbdfdeb017eb
Author: 10-Tyger-17 <mosi.hickman2006@gmail.com>
Date:   Wed Mar 19 10:47:54 2025 +0100

    Adding Window Menu

commit 6dab8240e6905ceff1da0db525d6d7cdbead9d0d
Author: Ekasestao <ekaitzcampo2002@gmail.com>
Date:   Wed Mar 19 10:36:46 2025 +0100

    Calendar

commit 44b6d1bbb8ddbb14459cf2cb70e349de8abd5874
Author: Ekasestao <ekaitzcampo2002@gmail.com>
Date:   Wed Mar 19 10:35:12 2025 +0100

    Calendar

commit 181148e44713156e9cc6fb1712437768b60af5a4
Author: alicia-2004 <aliciaclasegradosuperior@gmail.com>
Date:   Wed Mar 19 10:32:03 2025 +0100

    Implementation of SignUp

commit 2e34c085a1159fd5f975d2a4b8c6659cedc5c7f6
Merge: 839a410 ef0121a
Author: alicia-2004 <aliciaclasegradosuperior@gmail.com>
Date:   Wed Mar 19 10:09:08 2025 +0100

    Merge branch 'Alicia' into main

commit ef0121a3d9fc7fc42c8bfab7d09d4bc446f61047
Author: alicia-2004 <aliciaclasegradosuperior@gmail.com>
Date:   Wed Mar 19 10:08:56 2025 +0100

    WindowSignUp

commit 839a410f4e8f298a04ac386efdda0c35fd61d3a5
Author: Ekasestao <ekaitzcampo2002@gmail.com>
Date:   Wed Mar 19 10:06:44 2025 +0100

    Fixing login

commit 9d85dde5ee1af6c769cc295b0b5ffb1e817f326c
Author: 10-Tyger-17 <mosi.hickman2006@gmail.com>
Date:   Wed Mar 19 09:42:59 2025 +0100

    Changing Field Borders

commit 8f53134a868e709878925ab2f6929d32e765640f
Author: 10-Tyger-17 <mosi.hickman2006@gmail.com>
Date:   Wed Mar 19 09:32:37 2025 +0100

    Changing Login Window

commit b8205a98c55268dcfc0133d30a84b8645ac7444d
Author: Ekasestao <ekaitzcampo2002@gmail.com>
Date:   Wed Mar 19 09:24:52 2025 +0100

    MySQL Connector

commit 507853900df86a22f1a83904fa30f7da39a40720
Author: alicia-2004 <aliciaclasegradosuperior@gmail.com>
Date:   Tue Mar 18 14:22:15 2025 +0100

    Controller and Window

commit 812b5ce49b75cd4bcb4eff8cdd594a641b5e136e
Merge: d508c6b 3792612
Author: 10-Tyger-17 <mosi.hickman2006@gmail.com>
Date:   Tue Mar 18 10:49:24 2025 +0100

    Merge branch 'mosi'
    Merging Mosi

commit 37926125d01ee7ccf029c84218241a0af25a93db
Author: 10-Tyger-17 <mosi.hickman2006@gmail.com>
Date:   Tue Mar 18 10:48:53 2025 +0100

    Adding Login Window

commit d508c6bed08486079b27dc28e3c4f1dec7c335a3
Author: alicia-2004 <aliciaclasegradosuperior@gmail.com>
Date:   Tue Mar 18 10:43:39 2025 +0100

    SignUp method

commit f7562ebc6c1c81307a819ca2c6ba2d39722b81ce
Merge: d30252c cd1594d
Author: 1dami <1dami@TartangaLH.eus>
Date:   Tue Mar 18 10:28:48 2025 +0100

    Merge branch 'Ekaitz'
    Creating show tasks method

commit cd1594d406941a9c643730307e73b6620467b3d2
Author: Ekasestao <ekaitzcampo2002@gmail.com>
Date:   Tue Mar 18 10:27:51 2025 +0100

    Creating show task

commit d30252c01bc36091dda37ab52546d02e3d176ab2
Author: alicia-2004 <aliciaclasegradosuperior@gmail.com>
Date:   Tue Mar 18 10:24:31 2025 +0100

    Procedure creation

commit 0b137ad5b108b7463740614de38f7e6238163f19
Author: Ekasestao <ekaitzcampo2002@gmail.com>
Date:   Tue Mar 18 10:00:40 2025 +0100

    Modifying model

commit 1ff0c7a557d400aba5efe00fc99f9531cf5827d9
Author: Ekasestao <ekaitzcampo2002@gmail.com>
Date:   Tue Mar 18 09:56:18 2025 +0100

    Model creation

commit 40a232efc5a35f057baa3a1832d0046a8ecae196
Merge: 8d946f4 d3c3f08
Author: alicia-2004 <aliciaclasegradosuperior@gmail.com>
Date:   Tue Mar 18 09:51:14 2025 +0100

    Merge branch 'Alicia' into main

commit d3c3f0829891b76ef8cb162db5e74086bc1df3d1
Author: alicia-2004 <aliciaclasegradosuperior@gmail.com>
Date:   Tue Mar 18 09:50:19 2025 +0100

    Model creation

commit 8d946f47f25593ce316292ae20cd4179df140b8f
Author: Ekasestao <ekaitzcampo2002@gmail.com>
Date:   Tue Mar 18 09:20:23 2025 +0100

    Deleting testing

commit bfc0a8bbd5cd9e7fd09875eb5159af7a0bcdf952
Author: Ekasestao <ekaitzcampo2002@gmail.com>
Date:   Tue Mar 18 09:13:46 2025 +0100

    Testing

commit 65b3e549c1181e5865a0ef3550bd24b43249c42d
Author: Eleterozo <martintemprano769gmail.com>
Date:   Mon Mar 17 14:18:32 2025 +0100

    Real corrected inserts DB

commit 76c3cfcc0b456e4341af95f1be2a34c20434c5de
Author: Eleterozo <martintemprano769gmail.com>
Date:   Mon Mar 17 14:17:08 2025 +0100

    Corrected inserts DB

commit fc32dfbc7d8832b4d2b01f6af961842cb2e16c7c
Author: Eleterozo <martintemprano769gmail.com>
Date:   Mon Mar 17 14:07:26 2025 +0100

    Inserts DB

commit 0849614d62ccfb40f98d011d0f7458fe0434535f
Author: 10-Tyger-17 <mosi.hickman2006@gmail.com>
Date:   Mon Mar 17 13:57:22 2025 +0100

    Stop tracking configs directory

commit db6894baff91e459c38803948c55cf62732787b2
Author: 10-Tyger-17 <mosi.hickman2006@gmail.com>
Date:   Mon Mar 17 13:56:11 2025 +0100

    Stop tracking configs directory

commit a58ef6faa5ac5833bfd12c35d9a3a5266c91eab9
Author: alicia-2004 <aliciaclasegradosuperior@gmail.com>
Date:   Mon Mar 17 13:49:44 2025 +0100

    Adding config to ignore

commit 057d12e71ed06baa7357b3433c4aed28d9553d5f
Author: 10-Tyger-17 <mosi.hickman2006@gmail.com>
Date:   Mon Mar 17 13:44:26 2025 +0100

    Adding to Git Ignore

commit 8a2c47b3bc411cdee7fde57b81a0b8b7051f7739
Author: 10-Tyger-17 <mosi.hickman2006@gmail.com>
Date:   Mon Mar 17 13:41:12 2025 +0100

    Testing and updating

commit 78c0365c07da6b7f0d186be510e60bea48ddb49d
Author: Eleterozo <martintemprano769gmail.com>
Date:   Mon Mar 17 13:18:03 2025 +0100

    Probando

commit 8fa3d9b0945e16feb731fb6b5d51f8d664290a5d
Author: 10-Tyger-17 <mosi.hickman2006@gmail.com>
Date:   Mon Mar 17 13:14:05 2025 +0100

    Adding java

commit 1f4c4de125d33b453f403ec5a9624e7417f1cb2a
Author: alicia-2004 <aliciaclasegradosuperior@gmail.com>
Date:   Mon Mar 17 13:08:56 2025 +0100

    Adding SQL table creation and DB

commit ff796a78707278306f12b6e2167754b5170d03d4
Author: 10-Tyger-17 <mosi.hickman2006@gmail.com>
Date:   Mon Mar 17 12:42:17 2025 +0100

    Deleting Folders

commit 8e90f5b827a55bac0123ead23a60d9203f779821
Author: 10-Tyger-17 <mosi.hickman2006@gmail.com>
Date:   Mon Mar 17 09:54:08 2025 +0100

    Adding Content

commit 0a9651e456acaa928c93d3d5681fa79c6777d9fc
Author: 10-Tyger-17 <mosi.hickman2006@gmail.com>
Date:   Mon Mar 17 09:51:12 2025 +0100

    Initialization

commit ba5ec365712004c87aad42f6d6c0a49a2c7e70a6
Author: 10-Tyger-17 <mosi.hickman2006@gmail.com>
Date:   Mon Mar 17 09:42:37 2025 +0100

    17-3-25

commit 97725866d3a4c4ef6599c8aa8ad605e489ae7dc5
Author: 10-Tyger-17 <mosi.hickman2006@gmail.com>
Date:   Mon Mar 17 09:37:13 2025 +0100

    Initial commit
